[35m[Appium][39m Welcome to Appium v1.22.3
[35m[Appium][39m Non-default server args:
[35m[Appium][39m   port: 53096
[35m[Appium][39m   loglevel: info
[35m[Appium][39m   tmpDir: C:\Users\Lenovo\AppData\Local\Temp\\Katalon\Appium\Temp1659433837224
[35m[Appium][39m   chromedriverPort: 53097
[35m[Appium][39m Deprecated server args:
[35m[Appium][39m   [31m--chromedriver-port[39m => --default-capabilities
[35m[Appium][39m Default capabilities, which will be added to each request unless overridden by desired capabilities:
[35m[Appium][39m   chromedriverPort: 53097
[35m[Appium][39m Appium REST http interface listener started on 0.0.0.0:53096
[35m[HTTP][39m [37m-->[39m [37mGET[39m [37m/wd/hub/status[39m
[35m[HTTP][39m [90m{}[39m
[35m[HTTP][39m [37m<-- GET /wd/hub/status [39m[32m200[39m [90m8 ms - 68[39m
[35m[HTTP][39m [90m[39m
[35m[HTTP][39m [37m-->[39m [37mGET[39m [37m/wd/hub/status[39m
[35m[HTTP][39m [90m{}[39m
[35m[HTTP][39m [37m<-- GET /wd/hub/status [39m[32m200[39m [90m1 ms - 68[39m
[35m[HTTP][39m [90m[39m
[35m[HTTP][39m [37m-->[39m [37mPOST[39m [37m/wd/hub/session[39m
[35m[HTTP][39m [90m{"desiredCapabilities":{"app":"C:\\Users\\Lenovo\\git\\calculator\\MobileApp\\Calculator_v8.1.apk","noReset":true,"deviceName":"Xiaomi Redmi Note 9 Pro (Android 11)","fullReset":false,"platform":"ANDROID","newCommandTimeout":1800,"platformVersion":"11","automationName":"uiautomator2","autoGrantPermissions":true,"platformName":"Android","udid":"f691aa5b","systemPort":53102},"capabilities":{"firstMatch":[{"appium:app":"C:\\Users\\Lenovo\\git\\calculator\\MobileApp\\Calculator_v8.1.apk","appium:autoGrantPermissions":true,"appium:automationName":"uiautomator2","appium:deviceName":"Xiaomi Redmi Note 9 Pro (Android 11)","appium:fullReset":false,"appium:newCommandTimeout":1800,"appium:noReset":true,"platform":"ANDROID","platformName":"android","appium:platformVersion":"11","appium:systemPort":53102,"appium:udid":"f691aa5b"}]}}[39m
[35m[BaseDriver][39m The following capabilities are not standard capabilities and should have an extension prefix:
[35m[BaseDriver][39m   platform
[35m[BaseDriver][39m   chromedriverPort
[35m[Appium][39m Appium v1.22.3 creating new AndroidUiautomator2Driver (v1.70.1) session
[35m[BaseDriver][39m The following capabilities were provided, but are not recognized by Appium:
[35m[BaseDriver][39m   platform
[35m[BaseDriver][39m Session created with session id: 29485b5a-65ae-4510-ad31-256e4eb54723
[35m[BaseDriver][39m Using local app 'C:\Users\Lenovo\git\calculator\MobileApp\Calculator_v8.1.apk'
[35m[ADB][39m Found 1 'build-tools' folders under 'C:\Users\Lenovo\.katalon\tools\android_sdk' (newest first):
[35m[ADB][39m     C:/Users/Lenovo/.katalon/tools/android_sdk/build-tools/29.0.3
[35m[ADB][39m Using 'adb.exe' from 'C:\Users\Lenovo\.katalon\tools\android_sdk\platform-tools\adb.exe'
[35m[AndroidDriver][39m Retrieving device list
[35m[AndroidDriver][39m Using device: f691aa5b
[35m[ADB][39m Using 'adb.exe' from 'C:\Users\Lenovo\.katalon\tools\android_sdk\platform-tools\adb.exe'
[35m[ADB][39m Getting device platform version
[35m[UiAutomator2][39m Relaxing hidden api policy
[35m[ADB][39m Package name: 'com.google.android.calculator'
[35m[ADB][39m Main activity name: 'com.android.calculator2.Calculator'
[35m[ADB][39m Using 'apksigner.jar' from 'C:\Users\Lenovo\.katalon\tools\android_sdk\build-tools\29.0.3\lib\apksigner.jar'
[35m[ADB][39m 'C:\Users\Lenovo\AppData\Roaming\npm\node_modules\appium\node_modules\appium-uiautomator2-server\apks\appium-uiautomator2-server-v4.27.0.apk' is signed with the default certificate
[35m[ADB][39m 'C:\Users\Lenovo\AppData\Roaming\npm\node_modules\appium\node_modules\appium-uiautomator2-server\apks\appium-uiautomator2-server-debug-androidTest.apk' is signed with the default certificate
[35m[UiAutomator2][39m Server packages are not going to be (re)installed
[35m[ADB][39m Adding packages ["io.appium.settings","io.appium.uiautomator2.server","io.appium.uiautomator2.server.test"] to Doze whitelist
[35m[ADB][39m 'C:\Users\Lenovo\git\calculator\MobileApp\Calculator_v8.1.apk' is signed with a non-default certificate
[35m[ADB][39m The application at 'C:\Users\Lenovo\git\calculator\MobileApp\Calculator_v8.1.apk' will not be cached, because the device under test has confirmed the support of streamed installs
[35m[ADB][39m The installation of 'Calculator_v8.1.apk' took 4882ms
[35m[UiAutomator2][39m Starting UIAutomator2 server 4.27.0
[35m[UiAutomator2][39m Using UIAutomator2 server from 'C:\Users\Lenovo\AppData\Roaming\npm\node_modules\appium\node_modules\appium-uiautomator2-server\apks\appium-uiautomator2-server-v4.27.0.apk' and test from 'C:\Users\Lenovo\AppData\Roaming\npm\node_modules\appium\node_modules\appium-uiautomator2-server\apks\appium-uiautomator2-server-debug-androidTest.apk'
[35m[UiAutomator2][39m Waiting up to 30000ms for UiAutomator2 to be online...
[35m[WD Proxy][39m socket hang up
[35m[WD Proxy][39m socket hang up
[35m[WD Proxy][39m socket hang up
[35m[WD Proxy][39m Determined the downstream protocol as 'W3C'
[35m[AndroidDriver][39m Screen already unlocked, doing nothing
[35m[UiAutomator2][39m Starting 'com.google.android.calculator/com.android.calculator2.Calculator and waiting for 'com.google.android.calculator/com.android.calculator2.Calculator'
[35m[Appium][39m New AndroidUiautomator2Driver session created successfully, session 29485b5a-65ae-4510-ad31-256e4eb54723 added to master session list
[35m[HTTP][39m [37m<-- POST /wd/hub/session [39m[32m200[39m [90m14956 ms - 1300[39m
[35m[HTTP][39m [90m[39m
[35m[HTTP][39m [37m-->[39m [37mGET[39m [37m/wd/hub/session/29485b5a-65ae-4510-ad31-256e4eb54723[39m
[35m[HTTP][39m [90m{}[39m
[35m[HTTP][39m [37m<-- GET /wd/hub/session/29485b5a-65ae-4510-ad31-256e4eb54723 [39m[32m200[39m [90m12 ms - 1254[39m
[35m[HTTP][39m [90m[39m
[35m[HTTP][39m [37m-->[39m [37mGET[39m [37m/wd/hub/session/29485b5a-65ae-4510-ad31-256e4eb54723[39m
[35m[HTTP][39m [90m{}[39m
[35m[HTTP][39m [37m<-- GET /wd/hub/session/29485b5a-65ae-4510-ad31-256e4eb54723 [39m[32m200[39m [90m15 ms - 1254[39m
[35m[HTTP][39m [90m[39m
[35m[HTTP][39m [37m-->[39m [37mGET[39m [37m/wd/hub/status[39m
[35m[HTTP][39m [90m{}[39m
[35m[HTTP][39m [37m<-- GET /wd/hub/status [39m[32m200[39m [90m1 ms - 68[39m
[35m[HTTP][39m [90m[39m
[35m[HTTP][39m [37m-->[39m [37mPOST[39m [37m/wd/hub/session/29485b5a-65ae-4510-ad31-256e4eb54723/timeouts[39m
[35m[HTTP][39m [90m{"implicit":60000}[39m
[35m[HTTP][39m [37m<-- POST /wd/hub/session/29485b5a-65ae-4510-ad31-256e4eb54723/timeouts [39m[32m200[39m [90m5 ms - 14[39m
[35m[HTTP][39m [90m[39m
[35m[HTTP][39m [37m-->[39m [37mGET[39m [37m/wd/hub/session/29485b5a-65ae-4510-ad31-256e4eb54723/source[39m
[35m[HTTP][39m [90m{}[39m
[35m[W3C (29485b5a)][39m Driver proxy active, passing request on via HTTP proxy
[35m[WD Proxy][39m Replacing sessionId 9932f3b8-4872-4ca2-9199-7531fbfe5c8e with 29485b5a-65ae-4510-ad31-256e4eb54723
[35m[HTTP][39m [37m<-- GET /wd/hub/session/29485b5a-65ae-4510-ad31-256e4eb54723/source [39m[32m200[39m [90m467 ms - 19692[39m
[35m[HTTP][39m [90m[39m
[35m[HTTP][39m [37m-->[39m [37mGET[39m [37m/wd/hub/session/29485b5a-65ae-4510-ad31-256e4eb54723/screenshot[39m
[35m[HTTP][39m [90m{}[39m
[35m[HTTP][39m [37m<-- GET /wd/hub/session/29485b5a-65ae-4510-ad31-256e4eb54723/screenshot [39m[32m200[39m [90m318 ms - 168402[39m
[35m[HTTP][39m [90m[39m
[35m[HTTP][39m [37m-->[39m [37mPOST[39m [37m/wd/hub/session/29485b5a-65ae-4510-ad31-256e4eb54723/elements[39m
[35m[HTTP][39m [90m{"using":"xpath","value":"//*[@class = 'android.widget.Button' and (@text = '3' or . = '3') and @resource-id = 'com.google.android.calculator:id/digit_3']"}[39m
[35m[HTTP][39m [37m<-- POST /wd/hub/session/29485b5a-65ae-4510-ad31-256e4eb54723/elements [39m[32m200[39m [90m249 ms - 139[39m
[35m[HTTP][39m [90m[39m
[35m[HTTP][39m [37m-->[39m [37mPOST[39m [37m/wd/hub/session/29485b5a-65ae-4510-ad31-256e4eb54723/elements[39m
[35m[HTTP][39m [90m{"using":"xpath","value":"//*[@class = 'android.widget.Button' and (@text = '5' or . = '5') and @resource-id = 'com.google.android.calculator:id/digit_5']"}[39m
[35m[HTTP][39m [37m<-- POST /wd/hub/session/29485b5a-65ae-4510-ad31-256e4eb54723/elements [39m[32m200[39m [90m76 ms - 139[39m
[35m[HTTP][39m [90m[39m
[35m[HTTP][39m [37m-->[39m [37mPOST[39m [37m/wd/hub/session/29485b5a-65ae-4510-ad31-256e4eb54723/elements[39m
[35m[HTTP][39m [90m{"using":"xpath","value":"//*[@class = 'android.widget.Button' and (@text = '7' or . = '7') and @resource-id = 'com.google.android.calculator:id/digit_7']"}[39m
[35m[HTTP][39m [37m<-- POST /wd/hub/session/29485b5a-65ae-4510-ad31-256e4eb54723/elements [39m[32m200[39m [90m77 ms - 139[39m
[35m[HTTP][39m [90m[39m
[35m[HTTP][39m [37m-->[39m [37mPOST[39m [37m/wd/hub/session/29485b5a-65ae-4510-ad31-256e4eb54723/elements[39m
[35m[HTTP][39m [90m{"using":"xpath","value":"//*[@class = 'android.widget.Button' and (@text = '%' or . = '%') and @resource-id = 'com.google.android.calculator:id/op_pct']"}[39m
[35m[HTTP][39m [37m<-- POST /wd/hub/session/29485b5a-65ae-4510-ad31-256e4eb54723/elements [39m[32m200[39m [90m75 ms - 139[39m
[35m[HTTP][39m [90m[39m
[35m[HTTP][39m [37m-->[39m [37mPOST[39m [37m/wd/hub/session/29485b5a-65ae-4510-ad31-256e4eb54723/elements[39m
[35m[HTTP][39m [90m{"using":"xpath","value":"//*[@class = 'android.widget.Button' and (@text = '9' or . = '9') and @resource-id = 'com.google.android.calculator:id/digit_9']"}[39m
[35m[HTTP][39m [37m<-- POST /wd/hub/session/29485b5a-65ae-4510-ad31-256e4eb54723/elements [39m[32m200[39m [90m62 ms - 139[39m
[35m[HTTP][39m [90m[39m
[35m[HTTP][39m [37m-->[39m [37mPOST[39m [37m/wd/hub/session/29485b5a-65ae-4510-ad31-256e4eb54723/elements[39m
[35m[HTTP][39m [90m{"using":"xpath","value":"//*[@class = 'android.widget.Button' and (@text = '÷' or . = '÷') and @resource-id = 'com.google.android.calculator:id/op_div']"}[39m
[35m[HTTP][39m [37m<-- POST /wd/hub/session/29485b5a-65ae-4510-ad31-256e4eb54723/elements [39m[32m200[39m [90m67 ms - 139[39m
[35m[HTTP][39m [90m[39m
[35m[HTTP][39m [37m-->[39m [37mPOST[39m [37m/wd/hub/session/29485b5a-65ae-4510-ad31-256e4eb54723/elements[39m
[35m[HTTP][39m [90m{"using":"xpath","value":"//*[@class = 'android.widget.Button' and (@text = '×' or . = '×') and @resource-id = 'com.google.android.calculator:id/op_mul']"}[39m
[35m[HTTP][39m [37m<-- POST /wd/hub/session/29485b5a-65ae-4510-ad31-256e4eb54723/elements [39m[32m200[39m [90m59 ms - 139[39m
[35m[HTTP][39m [90m[39m
[35m[HTTP][39m [37m-->[39m [37mPOST[39m [37m/wd/hub/session/29485b5a-65ae-4510-ad31-256e4eb54723/elements[39m
[35m[HTTP][39m [90m{"using":"xpath","value":"//*[@class = 'android.widget.Button' and (@text = '−' or . = '−') and @resource-id = 'com.google.android.calculator:id/op_sub']"}[39m
[35m[HTTP][39m [37m<-- POST /wd/hub/session/29485b5a-65ae-4510-ad31-256e4eb54723/elements [39m[32m200[39m [90m62 ms - 139[39m
[35m[HTTP][39m [90m[39m
[35m[HTTP][39m [37m-->[39m [37mPOST[39m [37m/wd/hub/session/29485b5a-65ae-4510-ad31-256e4eb54723/elements[39m
[35m[HTTP][39m [90m{"using":"xpath","value":"//*[@class = 'android.widget.Button' and (@text = '3' or . = '3') and @resource-id = 'com.google.android.calculator:id/digit_3']"}[39m
[35m[HTTP][39m [37m<-- POST /wd/hub/session/29485b5a-65ae-4510-ad31-256e4eb54723/elements [39m[32m200[39m [90m60 ms - 139[39m
[35m[HTTP][39m [90m[39m
[35m[HTTP][39m [37m-->[39m [37mPOST[39m [37m/wd/hub/session/29485b5a-65ae-4510-ad31-256e4eb54723/elements[39m
[35m[HTTP][39m [90m{"using":"xpath","value":"//*[@class = 'android.widget.Button' and (@text = '5' or . = '5') and @resource-id = 'com.google.android.calculator:id/digit_5']"}[39m
[35m[HTTP][39m [37m<-- POST /wd/hub/session/29485b5a-65ae-4510-ad31-256e4eb54723/elements [39m[32m200[39m [90m58 ms - 139[39m
[35m[HTTP][39m [90m[39m
[35m[HTTP][39m [37m-->[39m [37mPOST[39m [37m/wd/hub/session/29485b5a-65ae-4510-ad31-256e4eb54723/elements[39m
[35m[HTTP][39m [90m{"using":"xpath","value":"//*[@class = 'android.widget.Button' and (@text = '7' or . = '7') and @resource-id = 'com.google.android.calculator:id/digit_7']"}[39m
[35m[HTTP][39m [37m<-- POST /wd/hub/session/29485b5a-65ae-4510-ad31-256e4eb54723/elements [39m[32m200[39m [90m51 ms - 139[39m
[35m[HTTP][39m [90m[39m
[35m[HTTP][39m [37m-->[39m [37mPOST[39m [37m/wd/hub/session/29485b5a-65ae-4510-ad31-256e4eb54723/elements[39m
[35m[HTTP][39m [90m{"using":"xpath","value":"//*[@class = 'android.widget.Button' and (@text = '9' or . = '9') and @resource-id = 'com.google.android.calculator:id/digit_9']"}[39m
[35m[HTTP][39m [37m<-- POST /wd/hub/session/29485b5a-65ae-4510-ad31-256e4eb54723/elements [39m[32m200[39m [90m52 ms - 139[39m
[35m[HTTP][39m [90m[39m
[35m[HTTP][39m [37m-->[39m [37mPOST[39m [37m/wd/hub/session/29485b5a-65ae-4510-ad31-256e4eb54723/elements[39m
[35m[HTTP][39m [90m{"using":"xpath","value":"//*[@class = 'android.widget.Button' and (@text = '÷' or . = '÷') and @resource-id = 'com.google.android.calculator:id/op_div']"}[39m
[35m[HTTP][39m [37m<-- POST /wd/hub/session/29485b5a-65ae-4510-ad31-256e4eb54723/elements [39m[32m200[39m [90m52 ms - 139[39m
[35m[HTTP][39m [90m[39m
[35m[HTTP][39m [37m-->[39m [37mPOST[39m [37m/wd/hub/session/29485b5a-65ae-4510-ad31-256e4eb54723/elements[39m
[35m[HTTP][39m [90m{"using":"xpath","value":"//*[@class = 'android.widget.Button' and (@text = '×' or . = '×') and @resource-id = 'com.google.android.calculator:id/op_mul']"}[39m
[35m[HTTP][39m [37m<-- POST /wd/hub/session/29485b5a-65ae-4510-ad31-256e4eb54723/elements [39m[32m200[39m [90m53 ms - 139[39m
[35m[HTTP][39m [90m[39m
[35m[HTTP][39m [37m-->[39m [37mPOST[39m [37m/wd/hub/session/29485b5a-65ae-4510-ad31-256e4eb54723/elements[39m
[35m[HTTP][39m [90m{"using":"xpath","value":"//*[@class = 'android.widget.Button' and (@text = '−' or . = '−') and @resource-id = 'com.google.android.calculator:id/op_sub']"}[39m
[35m[HTTP][39m [37m<-- POST /wd/hub/session/29485b5a-65ae-4510-ad31-256e4eb54723/elements [39m[32m200[39m [90m59 ms - 139[39m
[35m[HTTP][39m [90m[39m
[35m[HTTP][39m [37m-->[39m [37mPOST[39m [37m/wd/hub/session/29485b5a-65ae-4510-ad31-256e4eb54723/elements[39m
[35m[HTTP][39m [90m{"using":"xpath","value":"//*[@class = 'android.widget.Button' and (@text = '+' or . = '+') and @resource-id = 'com.google.android.calculator:id/op_add']"}[39m
[35m[HTTP][39m [37m<-- POST /wd/hub/session/29485b5a-65ae-4510-ad31-256e4eb54723/elements [39m[32m200[39m [90m47 ms - 139[39m
[35m[HTTP][39m [90m[39m
[35m[HTTP][39m [37m-->[39m [37mPOST[39m [37m/wd/hub/session/29485b5a-65ae-4510-ad31-256e4eb54723/elements[39m
[35m[HTTP][39m [90m{"using":"xpath","value":"//*[@class = 'android.widget.Button' and (@text = '=' or . = '=') and @resource-id = 'com.google.android.calculator:id/eq']"}[39m
[35m[HTTP][39m [37m<-- POST /wd/hub/session/29485b5a-65ae-4510-ad31-256e4eb54723/elements [39m[32m200[39m [90m51 ms - 139[39m
[35m[HTTP][39m [90m[39m
[35m[HTTP][39m [37m-->[39m [37mDELETE[39m [37m/wd/hub/session/29485b5a-65ae-4510-ad31-256e4eb54723[39m
[35m[HTTP][39m [90m{}[39m
[35m[Appium][39m Removing session 29485b5a-65ae-4510-ad31-256e4eb54723 from our master session list
[35m[UiAutomator2][39m Restoring hidden api policy to the device default configuration
[35m[HTTP][39m [37m<-- DELETE /wd/hub/session/29485b5a-65ae-4510-ad31-256e4eb54723 [39m[32m200[39m [90m294 ms - 14[39m
[35m[HTTP][39m [90m[39m
